<?xml version="1.0" encoding="UTF-8"?>
<testng-results skipped="0" failed="0" ignored="0" total="1" passed="1">
  <reporter-output>
  </reporter-output>
  <suite name="Default suite" duration-ms="1989" started-at="2020-02-20T11:10:43 IST" finished-at="2020-02-20T11:10:45 IST">
    <groups>
    </groups>
    <test name="Default test" duration-ms="1989" started-at="2020-02-20T11:10:43 IST" finished-at="2020-02-20T11:10:45 IST">
      <class name="database.database1NewTest">
        <test-method status="PASS" signature="f()[pri:0, instance:database.database1NewTest@610694f1]" name="f" duration-ms="1888" started-at="2020-02-20T11:10:43 IST" finished-at="2020-02-20T11:10:45 IST">
          <reporter-output>
          </reporter-output>
        </test-method> <!-- f -->
      </class> <!-- database.database1NewTest -->
    </test> <!-- Default test -->
  </suite> <!-- Default suite -->
</testng-results>
