<?xml version="1.0" encoding="UTF-8"?>
<!-- Generated by org.testng.reporters.JUnitXMLReporter -->
<testsuite hostname="WELCOME" ignored="4" name="Test" tests="2" failures="0" timestamp="2019-12-03T23:12:39 IST" time="0.131" errors="0">
  <testcase name="f2" time="0.031" classname="testngnew.GroupingiTest"/>
  <testcase name="f4" time="0.0" classname="testngnew.GroupingiTest"/>
  <testcase name="f3" time="0.0" classname="testngnew.GroupingiTest">
    <ignored/>
  </testcase> <!-- f3 -->
  <testcase name="f5" time="0.0" classname="testngnew.GroupingiTest">
    <ignored/>
  </testcase> <!-- f5 -->
  <testcase name="f" time="0.0" classname="testngnew.orangehrm">
    <ignored/>
  </testcase> <!-- f -->
  <testcase name="f1" time="0.0" classname="testngnew.GroupingiTest">
    <ignored/>
  </testcase> <!-- f1 -->
</testsuite> <!-- Test -->
